TN:
SF:src\middleware\sanitize.middleware.js
FN:1,deepSanitizeKeys
FN:3,(anonymous_1)
FN:20,requestSanitizer
FNF:3
FNH:2
FNDA:14,deepSanitizeKeys
FNDA:0,(anonymous_1)
FNDA:4,requestSanitizer
DA:2,14
DA:3,0
DA:6,14
DA:7,4
DA:10,10
DA:12,10
DA:13,5
DA:14,5
DA:17,10
DA:21,4
DA:22,1
DA:25,4
DA:26,4
DA:29,4
DA:30,4
DA:33,4
DA:36,2
LF:17
LH:16
BRDA:2,0,0,0
BRDA:2,0,1,14
BRDA:6,1,0,4
BRDA:6,1,1,10
BRDA:6,2,0,14
BRDA:6,2,1,14
BRDA:21,3,0,1
BRDA:21,3,1,3
BRDA:21,4,0,4
BRDA:21,4,1,1
BRDA:25,5,0,4
BRDA:25,5,1,0
BRDA:25,6,0,4
BRDA:25,6,1,4
BRDA:29,7,0,4
BRDA:29,7,1,0
BRDA:29,8,0,4
BRDA:29,8,1,4
BRF:18
BRH:15
end_of_record
TN:
SF:src\utils\jwt.js
FN:4,signAccessToken
FN:19,verifyAccessToken
FNF:2
FNH:2
FNDA:3,signAccessToken
FNDA:1,verifyAccessToken
DA:1,2
DA:2,2
DA:5,3
DA:20,1
DA:25,2
LF:5
LH:5
BRF:0
BRH:0
end_of_record
TN:
SF:src\utils\password.js
FN:6,isValidPassword
FN:10,hashPassword
FN:14,comparePassword
FNF:3
FNH:3
FNDA:6,isValidPassword
FNDA:2,hashPassword
FNDA:3,comparePassword
DA:1,2
DA:3,2
DA:4,2
DA:7,6
DA:11,2
DA:15,3
DA:18,2
LF:7
LH:7
BRF:0
BRH:0
end_of_record
TN:
SF:src\utils\qr.js
FN:10,generateQRCode
FN:41,generateQRCodeBuffer
FN:65,validateQRPetId
FNF:3
FNH:3
FNDA:1,generateQRCode
FNDA:1,generateQRCodeBuffer
FNDA:3,validateQRPetId
DA:1,2
DA:11,1
DA:12,1
DA:25,1
DA:27,1
DA:28,1
DA:30,0
DA:31,0
DA:42,1
DA:43,1
DA:51,1
DA:52,1
DA:53,1
DA:55,0
DA:56,0
DA:67,3
DA:70,2
LF:17
LH:13
BRDA:10,0,0,1
BRDA:25,1,0,1
BRDA:25,1,1,1
BRDA:41,2,0,1
BRDA:51,3,0,1
BRDA:51,3,1,1
BRF:6
BRH:6
end_of_record
